  glad.c
  Main.cpp
C:\Radiophobia\Radiophobia-main\Fast_Maths.h(109,11): warning C4244: '*=': conversion from 'float' to 'uint32_t', possible loss of data
  (compiling source file 'Main.cpp')
  
C:\Radiophobia\Radiophobia-main\Fast_Maths.h(119,18): warning C4244: 'initializing': conversion from 'int64_t' to 'float', possible loss of data
  (compiling source file 'Main.cpp')
  
C:\Radiophobia\Radiophobia-main\Fast_Maths.h(128,11): warning C4244: '+=': conversion from 'float' to 'uint32_t', possible loss of data
  (compiling source file 'Main.cpp')
  
C:\Radiophobia\Radiophobia-main\Fast_Maths.h(150,11): warning C4244: '*=': conversion from 'float' to 'uint32_t', possible loss of data
  (compiling source file 'Main.cpp')
  
C:\Radiophobia\Radiophobia-main\OpenGL_Declarations.h(343,38): warning C4244: '=': conversion from 'float' to 'int', possible loss of data
  (compiling source file 'Main.cpp')
  
C:\Radiophobia\Radiophobia-main\Vertex_Buffer_Declarations.h(226,36): warning C4267: '=': conversion from 'size_t' to 'unsigned int', possible loss of data
  (compiling source file 'Main.cpp')
  
C:\Radiophobia\Radiophobia-main\Vertex_Buffer_Declarations.h(302,107): warning C4267: 'argument': conversion from 'size_t' to 'GLenum', possible loss of data
  (compiling source file 'Main.cpp')
  
C:\Radiophobia\Radiophobia-main\Vertex_Buffer_Declarations.h(311,37): warning C4267: '=': conversion from 'size_t' to 'unsigned int', possible loss of data
  (compiling source file 'Main.cpp')
  
C:\Radiophobia\Radiophobia-main\Mesh_Animator_Declarations.h(94,25): warning C4244: 'initializing': conversion from 'float' to 'size_t', possible loss of data
  (compiling source file 'Main.cpp')
  
C:\Radiophobia\Radiophobia-main\Mesh_Animator_Declarations.h(113,25): warning C4244: 'initializing': conversion from 'float' to 'size_t', possible loss of data
  (compiling source file 'Main.cpp')
  
C:\Radiophobia\Radiophobia-main\Mesh_Animator_Declarations.h(183,34): warning C4244: '=': conversion from 'int' to 'float', possible loss of data
  (compiling source file 'Main.cpp')
  
C:\Radiophobia\Radiophobia-main\Mesh_Animator_Declarations.h(190,34): warning C4244: '=': conversion from 'int' to 'float', possible loss of data
  (compiling source file 'Main.cpp')
  
C:\Radiophobia\Radiophobia-main\Texture_Declarations.h(109,36): warning C4267: 'argument': conversion from 'size_t' to 'GLenum', possible loss of data
  (compiling source file 'Main.cpp')
  
C:\Radiophobia\Radiophobia-main\Mesh_Loader.h(43,31): warning C4267: '=': conversion from 'size_t' to 'unsigned int', possible loss of data
  (compiling source file 'Main.cpp')
  
C:\Radiophobia\Radiophobia-main\Mesh_Loader.h(92,58): warning C4267: '=': conversion from 'size_t' to 'unsigned int', possible loss of data
  (compiling source file 'Main.cpp')
  
C:\Radiophobia\Radiophobia-main\Mesh_Loader.h(239,38): warning C4267: 'argument': conversion from 'size_t' to '_Ty', possible loss of data
C:\Radiophobia\Radiophobia-main\Mesh_Loader.h(239,38): warning C4267:         with
C:\Radiophobia\Radiophobia-main\Mesh_Loader.h(239,38): warning C4267:         [
C:\Radiophobia\Radiophobia-main\Mesh_Loader.h(239,38): warning C4267:             _Ty=std::seed_seq::result_type
C:\Radiophobia\Radiophobia-main\Mesh_Loader.h(239,38): warning C4267:         ]
  (compiling source file 'Main.cpp')
  
C:\Radiophobia\Radiophobia-main\Mesh_Loader.h(300,57): warning C4267: '=': conversion from 'size_t' to 'unsigned int', possible loss of data
  (compiling source file 'Main.cpp')
  
C:\Radiophobia\Radiophobia-main\Asset_Loading_Cache.h(207,2): warning C4984: 'if constexpr' is a C++17 language extension
  (compiling source file 'Main.cpp')
  
C:\Radiophobia\Radiophobia-main\Asset_Loading_Cache.h(215,2): warning C4984: 'if constexpr' is a C++17 language extension
  (compiling source file 'Main.cpp')
  
C:\Radiophobia\Radiophobia-main\Asset_Loading_Cache.h(263,2): warning C4984: 'if constexpr' is a C++17 language extension
  (compiling source file 'Main.cpp')
  
C:\Radiophobia\Radiophobia-main\Asset_Loading_Cache.h(277,2): warning C4984: 'if constexpr' is a C++17 language extension
  (compiling source file 'Main.cpp')
  
C:\Radiophobia\Radiophobia-main\Asset_Loading_Cache.h(293,3): warning C4984: 'if constexpr' is a C++17 language extension
  (compiling source file 'Main.cpp')
  
C:\Radiophobia\Radiophobia-main\Asset_Loading_Cache.h(300,2): warning C4984: 'if constexpr' is a C++17 language extension
  (compiling source file 'Main.cpp')
  
C:\Radiophobia\Radiophobia-main\Asset_Loading_Cache.h(305,2): warning C4984: 'if constexpr' is a C++17 language extension
  (compiling source file 'Main.cpp')
  
C:\Radiophobia\Radiophobia-main\Asset_Loading_Cache.h(324,3): warning C4984: 'if constexpr' is a C++17 language extension
  (compiling source file 'Main.cpp')
  
C:\Radiophobia\Radiophobia-main\Asset_Loading_Cache.h(334,2): warning C4984: 'if constexpr' is a C++17 language extension
  (compiling source file 'Main.cpp')
  
C:\Radiophobia\Radiophobia-main\Asset_Loading_Cache.h(357,4): warning C4984: 'if constexpr' is a C++17 language extension
  (compiling source file 'Main.cpp')
  
C:\Radiophobia\Radiophobia-main\Asset_Loading_Cache.h(366,4): warning C4984: 'if constexpr' is a C++17 language extension
  (compiling source file 'Main.cpp')
  
C:\Radiophobia\Radiophobia-main\Asset_Loading_Cache.h(370,3): warning C4984: 'if constexpr' is a C++17 language extension
  (compiling source file 'Main.cpp')
  
C:\Radiophobia\Radiophobia-main\Asset_Loading_Cache.h(395,2): warning C4984: 'if constexpr' is a C++17 language extension
  (compiling source file 'Main.cpp')
  
C:\Radiophobia\Radiophobia-main\Asset_Loading_Cache.h(411,2): warning C4984: 'if constexpr' is a C++17 language extension
  (compiling source file 'Main.cpp')
  
C:\Radiophobia\Radiophobia-main\Hitdetection.h(98,22): warning C4267: '=': conversion from 'size_t' to 'uint32_t', possible loss of data
  (compiling source file 'Main.cpp')
  
C:\Radiophobia\Radiophobia-main\Shadow_Map_Renderer_Declarations.h(45,48): warning C4267: 'argument': conversion from 'size_t' to 'GLenum', possible loss of data
  (compiling source file 'Main.cpp')
  
C:\Radiophobia\Radiophobia-main\Shadow_Map_Renderer_Declarations.h(82,75): warning C4267: 'argument': conversion from 'size_t' to 'GLint', possible loss of data
  (compiling source file 'Main.cpp')
  
C:\Radiophobia\Radiophobia-main\Shadow_Map_Renderer_Declarations.h(83,32): warning C4267: 'argument': conversion from 'size_t' to 'GLenum', possible loss of data
  (compiling source file 'Main.cpp')
  
C:\Radiophobia\Radiophobia-main\Audio_Handler_Declarations.h(67,27): warning C4244: 'initializing': conversion from 'double' to 'float', possible loss of data
  (compiling source file 'Main.cpp')
  
C:\Radiophobia\Radiophobia-main\Physics_Engine.h(248,18): warning C4244: 'initializing': conversion from 'double' to 'float', possible loss of data
  (compiling source file 'Main.cpp')
  
C:\Radiophobia\Radiophobia-main\Physics_Engine.h(257,24): warning C4244: '=': conversion from 'double' to 'float', possible loss of data
  (compiling source file 'Main.cpp')
  
C:\Radiophobia\Radiophobia-main\Physics_Engine.h(258,55): warning C4244: 'argument': conversion from 'double' to 'irrklang::ik_f32', possible loss of data
  (compiling source file 'Main.cpp')
  
C:\Radiophobia\Radiophobia-main\Physics_Engine.h(391,4): warning C4984: 'if constexpr' is a C++17 language extension
  (compiling source file 'Main.cpp')
  
C:\Radiophobia\Radiophobia-main\Input_Handler.h(180,101): warning C4305: 'argument': truncation from 'double' to 'T'
C:\Radiophobia\Radiophobia-main\Input_Handler.h(180,101): warning C4305:         with
C:\Radiophobia\Radiophobia-main\Input_Handler.h(180,101): warning C4305:         [
C:\Radiophobia\Radiophobia-main\Input_Handler.h(180,101): warning C4305:             T=float
C:\Radiophobia\Radiophobia-main\Input_Handler.h(180,101): warning C4305:         ]
  (compiling source file 'Main.cpp')
  
C:\Radiophobia\Radiophobia-main\Input_Handler.h(186,102): warning C4305: 'argument': truncation from 'double' to 'T'
C:\Radiophobia\Radiophobia-main\Input_Handler.h(186,102): warning C4305:         with
C:\Radiophobia\Radiophobia-main\Input_Handler.h(186,102): warning C4305:         [
C:\Radiophobia\Radiophobia-main\Input_Handler.h(186,102): warning C4305:             T=float
C:\Radiophobia\Radiophobia-main\Input_Handler.h(186,102): warning C4305:         ]
  (compiling source file 'Main.cpp')
  
C:\Radiophobia\Radiophobia-main\Input_Handler.h(278,14): warning C4244: 'initializing': conversion from 'double' to 'float', possible loss of data
  (compiling source file 'Main.cpp')
  
C:\Radiophobia\Radiophobia-main\Input_Handler.h(368,14): warning C4244: 'initializing': conversion from 'double' to 'float', possible loss of data
  (compiling source file 'Main.cpp')
  
C:\Radiophobia\Radiophobia-main\UI_Renderer_Declarations.h(53,31): warning C4267: 'argument': conversion from 'size_t' to 'FT_UInt', possible loss of data
  (compiling source file 'Main.cpp')
  
C:\Radiophobia\Radiophobia-main\Game_Scenes\Particle_Effect_Controller_Declarations.h(22,10): warning C4240: nonstandard extension used: access to 'Vent_Smoke_Controller::Directions' now defined to be 'public', previously it was defined to be 'private'
  (compiling source file 'Main.cpp')
  C:\Radiophobia\Radiophobia-main\Game_Scenes\Particle_Effect_Controller_Declarations.h(13,10):
  see declaration of 'Vent_Smoke_Controller::Directions'
  
C:\Radiophobia\Radiophobia-main\Game_Scenes\Particle_Effect_Controller_Declarations.h(33,12): warning C4240: nonstandard extension used: access to 'Vent_Smoke_Controller::Vent_Info' now defined to be 'public', previously it was defined to be 'private'
  (compiling source file 'Main.cpp')
  C:\Radiophobia\Radiophobia-main\Game_Scenes\Particle_Effect_Controller_Declarations.h(15,12):
  see declaration of 'Vent_Smoke_Controller::Vent_Info'
  
C:\Radiophobia\Radiophobia-main\Game_Scenes\Particle_Effect_Controller_Declarations.h(62,46): warning C4244: '=': conversion from 'double' to '_Ty', possible loss of data
C:\Radiophobia\Radiophobia-main\Game_Scenes\Particle_Effect_Controller_Declarations.h(62,46): warning C4244:         with
C:\Radiophobia\Radiophobia-main\Game_Scenes\Particle_Effect_Controller_Declarations.h(62,46): warning C4244:         [
C:\Radiophobia\Radiophobia-main\Game_Scenes\Particle_Effect_Controller_Declarations.h(62,46): warning C4244:             _Ty=tinyobj::real_t
C:\Radiophobia\Radiophobia-main\Game_Scenes\Particle_Effect_Controller_Declarations.h(62,46): warning C4244:         ]
  (compiling source file 'Main.cpp')
  
C:\Radiophobia\Radiophobia-main\Game_Scenes\Particle_Effect_Controller_Declarations.h(114,33): warning C4244: '=': conversion from 'double' to 'float', possible loss of data
  (compiling source file 'Main.cpp')
  
C:\Radiophobia\Radiophobia-main\Post_Processor_Declarations.h(135,26): warning C4305: 'argument': truncation from 'double' to 'GLfloat'
  (compiling source file 'Main.cpp')
  
C:\Radiophobia\Radiophobia-main\Post_Processor_Declarations.h(135,21): warning C4305: 'argument': truncation from 'double' to 'GLfloat'
  (compiling source file 'Main.cpp')
  
C:\Radiophobia\Radiophobia-main\Post_Processor_Declarations.h(135,16): warning C4305: 'argument': truncation from 'double' to 'GLfloat'
  (compiling source file 'Main.cpp')
  
C:\Radiophobia\Radiophobia-main\Decal_Projection_Clipper_Declarations.h(270,3): warning C4984: 'if constexpr' is a C++17 language extension
  (compiling source file 'Main.cpp')
  C:\Radiophobia\Radiophobia-main\Decal_Projection_Clipper_Declarations.h(264,7):
  This diagnostic occurred in the compiler generated function 'void Decal_Particle_Info::Spawn_Particle(Decal::Point_Projection,Decal::Point_Projection,Decal::Point_Projection)'
  
C:\Radiophobia\Radiophobia-main\Decal_Projection_Clipper_Declarations.h(319,3): warning C4984: 'if constexpr' is a C++17 language extension
  (compiling source file 'Main.cpp')
  C:\Radiophobia\Radiophobia-main\Decal_Projection_Clipper_Declarations.h(264,7):
  This diagnostic occurred in the compiler generated function 'void Decal_Particle_Info::Spawn_Particle(Decal::Point_Projection,Decal::Point_Projection,Decal::Point_Projection)'
  
C:\Radiophobia\Radiophobia-main\Decal_Projection_Clipper_Declarations.h(366,4): warning C4984: 'if constexpr' is a C++17 language extension
  (compiling source file 'Main.cpp')
  
C:\Radiophobia\Radiophobia-main\Game_Scenes\Items_Declarations.h(246,66): warning C4244: 'argument': conversion from 'double' to 'float', possible loss of data
  (compiling source file 'Main.cpp')
  
C:\Radiophobia\Radiophobia-main\Game_Scenes\Items_Declarations.h(246,83): warning C4244: 'argument': conversion from 'double' to 'T', possible loss of data
C:\Radiophobia\Radiophobia-main\Game_Scenes\Items_Declarations.h(246,83): warning C4244:         with
C:\Radiophobia\Radiophobia-main\Game_Scenes\Items_Declarations.h(246,83): warning C4244:         [
C:\Radiophobia\Radiophobia-main\Game_Scenes\Items_Declarations.h(246,83): warning C4244:             T=float
C:\Radiophobia\Radiophobia-main\Game_Scenes\Items_Declarations.h(246,83): warning C4244:         ]
  (compiling source file 'Main.cpp')
  
C:\Radiophobia\Radiophobia-main\Engine_Loop.h(135,23): warning C4244: '=': conversion from 'double' to 'float', possible loss of data
  (compiling source file 'Main.cpp')
  
C:\Radiophobia\Radiophobia-main\Engine_Loop.h(171,26): warning C4305: 'argument': truncation from 'double' to 'GLfloat'
  (compiling source file 'Main.cpp')
  
C:\Radiophobia\Radiophobia-main\Engine_Loop.h(171,21): warning C4305: 'argument': truncation from 'double' to 'GLfloat'
  (compiling source file 'Main.cpp')
  
C:\Radiophobia\Radiophobia-main\Engine_Loop.h(171,16): warning C4305: 'argument': truncation from 'double' to 'GLfloat'
  (compiling source file 'Main.cpp')
  
C:\Radiophobia\Radiophobia-main\Engine_Loop.h(451,23): warning C4244: '=': conversion from 'double' to 'float', possible loss of data
  (compiling source file 'Main.cpp')
  
C:\Radiophobia\Radiophobia-main\Game_Scenes\Menus.h(43,2): warning C4984: 'if constexpr' is a C++17 language extension
  (compiling source file 'Main.cpp')
  
C:\Radiophobia\Radiophobia-main\Game_Scenes\Menus.h(58,3): warning C4984: 'if constexpr' is a C++17 language extension
  (compiling source file 'Main.cpp')
  
C:\Radiophobia\Radiophobia-main\Game_Scenes\Menus.h(116,62): warning C4305: 'argument': truncation from 'double' to 'float'
  (compiling source file 'Main.cpp')
  
C:\Radiophobia\Radiophobia-main\Game_Scenes\Menus.h(116,57): warning C4305: 'argument': truncation from 'double' to 'float'
  (compiling source file 'Main.cpp')
  
C:\Radiophobia\Radiophobia-main\Game_Scenes\Menus.h(116,51): warning C4305: 'argument': truncation from 'double' to 'float'
  (compiling source file 'Main.cpp')
  
C:\Radiophobia\Radiophobia-main\Game_Scenes\Menus.h(116,46): warning C4305: 'argument': truncation from 'double' to 'float'
  (compiling source file 'Main.cpp')
  
C:\Radiophobia\Radiophobia-main\Game_Scenes\Menus.h(121,62): warning C4305: 'argument': truncation from 'double' to 'float'
  (compiling source file 'Main.cpp')
  
C:\Radiophobia\Radiophobia-main\Game_Scenes\Menus.h(121,51): warning C4305: 'argument': truncation from 'double' to 'float'
  (compiling source file 'Main.cpp')
  
C:\Radiophobia\Radiophobia-main\Game_Scenes\Menus.h(121,46): warning C4305: 'argument': truncation from 'double' to 'float'
  (compiling source file 'Main.cpp')
  
C:\Radiophobia\Radiophobia-main\Light_BVH_Tree_Handler.h(232,51): warning C4305: 'argument': truncation from 'double' to 'float'
  (compiling source file 'Main.cpp')
  
C:\Radiophobia\Radiophobia-main\Light_BVH_Tree_Handler.h(234,66): warning C4305: 'argument': truncation from 'double' to 'float'
  (compiling source file 'Main.cpp')
  
C:\Radiophobia\Radiophobia-main\Light_BVH_Tree_Handler.h(234,59): warning C4305: 'argument': truncation from 'double' to 'float'
  (compiling source file 'Main.cpp')
  
C:\Radiophobia\Radiophobia-main\Light_BVH_Tree_Handler.h(234,51): warning C4305: 'argument': truncation from 'double' to 'float'
  (compiling source file 'Main.cpp')
  
C:\Radiophobia\Radiophobia-main\Light_BVH_Tree_Handler.h(238,64): warning C4305: 'argument': truncation from 'double' to 'float'
  (compiling source file 'Main.cpp')
  
C:\Radiophobia\Radiophobia-main\Light_BVH_Tree_Handler.h(238,58): warning C4305: 'argument': truncation from 'double' to 'float'
  (compiling source file 'Main.cpp')
  
C:\Radiophobia\Radiophobia-main\Light_BVH_Tree_Handler.h(238,52): warning C4305: 'argument': truncation from 'double' to 'float'
  (compiling source file 'Main.cpp')
  
C:\Radiophobia\Radiophobia-main\Light_BVH_Tree_Handler.h(287,27): warning C4267: '=': conversion from 'size_t' to 'unsigned char', possible loss of data
  (compiling source file 'Main.cpp')
  
C:\Radiophobia\Radiophobia-main\Hitdetection_Blockmap.h(32,3): warning C4984: 'if constexpr' is a C++17 language extension
  (compiling source file 'Main.cpp')
  C:\Radiophobia\Radiophobia-main\Hitdetection_Blockmap_Declarations.h(18,23):
  This diagnostic occurred in the compiler generated function 'std::vector<Hitbox *,std::allocator<Hitbox *>> Blockmap::Read_Blockmap(const glm::vec3)'
  
C:\Radiophobia\Radiophobia-main\Hitdetection_Blockmap.h(71,30): warning C4244: '=': conversion from 'float' to 'size_t', possible loss of data
  (compiling source file 'Main.cpp')
  
C:\Radiophobia\Radiophobia-main\Hitdetection_Blockmap.h(72,31): warning C4244: '=': conversion from 'float' to 'size_t', possible loss of data
  (compiling source file 'Main.cpp')
  
C:\Radiophobia\Radiophobia-main\Hitdetection_Blockmap.h(109,26): warning C4244: 'argument': conversion from 'float' to 'const unsigned __int64', possible loss of data
  (compiling source file 'Main.cpp')
  
C:\Radiophobia\Radiophobia-main\Hitdetection_Blockmap.h(109,50): warning C4244: 'argument': conversion from 'float' to 'const unsigned __int64', possible loss of data
  (compiling source file 'Main.cpp')
  
C:\Radiophobia\Radiophobia-main\Game_Scenes\Title_Screen_Handling.h(387,71): warning C4305: 'argument': truncation from 'double' to 'float'
  (compiling source file 'Main.cpp')
  
C:\Radiophobia\Radiophobia-main\Game_Scenes\Title_Screen_Handling.h(387,59): warning C4305: 'argument': truncation from 'double' to 'float'
  (compiling source file 'Main.cpp')
  
C:\Radiophobia\Radiophobia-main\Game_Scenes\Title_Screen_Handling.h(525,40): warning C4244: '=': conversion from 'float' to 'size_t', possible loss of data
  (compiling source file 'Main.cpp')
  
C:\Radiophobia\Radiophobia-main\Game_Scenes\Title_Screen_Handling.h(526,46): warning C4244: '=': conversion from 'float' to 'size_t', possible loss of data
  (compiling source file 'Main.cpp')
  
C:\Radiophobia\Radiophobia-main\Game_Scenes\Title_Screen_Handling.h(605,23): warning C4244: '=': conversion from 'double' to 'float', possible loss of data
  (compiling source file 'Main.cpp')
  
C:\Radiophobia\Radiophobia-main\Game_Scenes\Shader_Etc_Initialisation.h(66,98): warning C4305: 'argument': truncation from 'double' to 'float'
  (compiling source file 'Main.cpp')
  
C:\Radiophobia\Radiophobia-main\Game_Scenes\Shader_Etc_Initialisation.h(66,92): warning C4305: 'argument': truncation from 'double' to 'float'
  (compiling source file 'Main.cpp')
  
C:\Radiophobia\Radiophobia-main\Game_Scenes\Shader_Etc_Initialisation.h(66,86): warning C4305: 'argument': truncation from 'double' to 'float'
  (compiling source file 'Main.cpp')
  
C:\Radiophobia\Radiophobia-main\Game_Scenes\Shader_Etc_Initialisation.h(66,79): warning C4305: 'argument': truncation from 'double' to 'float'
  (compiling source file 'Main.cpp')
  
C:\Radiophobia\Radiophobia-main\Game_Scenes\Shader_Etc_Initialisation.h(70,96): warning C4305: 'argument': truncation from 'double' to 'float'
  (compiling source file 'Main.cpp')
  
C:\Radiophobia\Radiophobia-main\Game_Scenes\Shader_Etc_Initialisation.h(70,91): warning C4305: 'argument': truncation from 'double' to 'float'
  (compiling source file 'Main.cpp')
  
C:\Radiophobia\Radiophobia-main\Game_Scenes\Shader_Etc_Initialisation.h(70,86): warning C4305: 'argument': truncation from 'double' to 'float'
  (compiling source file 'Main.cpp')
  
C:\Radiophobia\Radiophobia-main\Game_Scenes\Shader_Etc_Initialisation.h(70,80): warning C4305: 'argument': truncation from 'double' to 'float'
  (compiling source file 'Main.cpp')
  
C:\Radiophobia\Radiophobia-main\Game_Scenes\Shader_Etc_Initialisation.h(77,91): warning C4305: 'argument': truncation from 'double' to 'float'
  (compiling source file 'Main.cpp')
  
C:\Radiophobia\Radiophobia-main\Game_Scenes\Shader_Etc_Initialisation.h(77,86): warning C4305: 'argument': truncation from 'double' to 'float'
  (compiling source file 'Main.cpp')
  
C:\Radiophobia\Radiophobia-main\Game_Scenes\Shader_Etc_Initialisation.h(77,81): warning C4305: 'argument': truncation from 'double' to 'float'
  (compiling source file 'Main.cpp')
  
C:\Radiophobia\Radiophobia-main\Game_Scenes\Shader_Etc_Initialisation.h(77,75): warning C4305: 'argument': truncation from 'double' to 'float'
  (compiling source file 'Main.cpp')
  
C:\Radiophobia\Radiophobia-main\Game_Scenes\Shader_Etc_Initialisation.h(88,93): warning C4305: 'argument': truncation from 'double' to 'float'
  (compiling source file 'Main.cpp')
  
C:\Radiophobia\Radiophobia-main\Game_Scenes\Shader_Etc_Initialisation.h(88,88): warning C4305: 'argument': truncation from 'double' to 'float'
  (compiling source file 'Main.cpp')
  
C:\Radiophobia\Radiophobia-main\Game_Scenes\Shader_Etc_Initialisation.h(88,83): warning C4305: 'argument': truncation from 'double' to 'float'
  (compiling source file 'Main.cpp')
  
C:\Radiophobia\Radiophobia-main\Game_Scenes\Shader_Etc_Initialisation.h(88,77): warning C4305: 'argument': truncation from 'double' to 'float'
  (compiling source file 'Main.cpp')
  
C:\Radiophobia\Radiophobia-main\Particle_System_Declarations.h(340,83): warning C4267: 'argument': conversion from 'size_t' to 'GLsizei', possible loss of data
  (compiling source file 'Main.cpp')
  C:\Radiophobia\Radiophobia-main\Particle_System_Declarations.h(340,83):
  the template instantiation context (the oldest one first) is
  	C:\Radiophobia\Radiophobia-main\Decal_Projection_Clipper_Declarations.h(337,61):
  	see reference to class template instantiation 'Particle_Renderer<Decal_Particle_Info,Decal_Vertex_Buffer>' being compiled
  	C:\Radiophobia\Radiophobia-main\Particle_System_Declarations.h(315,8):
  	while compiling class template member function 'void Particle_Renderer<Decal_Particle_Info,Decal_Vertex_Buffer>::Render(void)'
  		C:\Radiophobia\Radiophobia-main\Engine_Loop.h(43,24):
  		see the first reference to 'Particle_Renderer<Decal_Particle_Info,Decal_Vertex_Buffer>::Render' in 'Render_All'
  
C:\Radiophobia\Radiophobia-main\Particle_System_Declarations.h(105,40): warning C4267: 'argument': conversion from 'size_t' to 'GLsizei', possible loss of data
  (compiling source file 'Main.cpp')
  C:\Radiophobia\Radiophobia-main\Particle_System_Declarations.h(105,40):
  the template instantiation context (the oldest one first) is
  	C:\Radiophobia\Radiophobia-main\Decal_Projection_Clipper_Declarations.h(258,36):
  	see reference to class template instantiation 'Particle_Info<Decal_Particle>' being compiled
  	C:\Radiophobia\Radiophobia-main\Particle_System_Declarations.h(102,9):
  	while compiling class template member function 'size_t Particle_Info<Decal_Particle>::Parse_Values(size_t)'
  		C:\Radiophobia\Radiophobia-main\Particle_System_Declarations.h(338,18):
  		see the first reference to 'Particle_Info<Decal_Particle>::Parse_Values' in 'Particle_Renderer<Decal_Particle_Info,Decal_Vertex_Buffer>::Render'
  		C:\Radiophobia\Radiophobia-main\Engine_Loop.h(43,24):
  		see the first reference to 'Particle_Renderer<Decal_Particle_Info,Decal_Vertex_Buffer>::Render' in 'Render_All'
  
C:\Radiophobia\Radiophobia-main\Hitdetection_Blockmap.h(25,9): warning C4244: 'initializing': conversion from 'T' to 'int', possible loss of data
C:\Radiophobia\Radiophobia-main\Hitdetection_Blockmap.h(25,9): warning C4244:         with
C:\Radiophobia\Radiophobia-main\Hitdetection_Blockmap.h(25,9): warning C4244:         [
C:\Radiophobia\Radiophobia-main\Hitdetection_Blockmap.h(25,9): warning C4244:             T=float
C:\Radiophobia\Radiophobia-main\Hitdetection_Blockmap.h(25,9): warning C4244:         ]
  (compiling source file 'Main.cpp')
  C:\Radiophobia\Radiophobia-main\Hitdetection_Blockmap.h(25,9):
  the template instantiation context (the oldest one first) is
  	C:\Radiophobia\Radiophobia-main\Physics_Engine.h(393,54):
  	see reference to function template instantiation 'std::vector<Hitbox *,std::allocator<Hitbox *>> Blockmap::Read_Blockmap<false>(const glm::vec3)' being compiled
  
C:\Radiophobia\Radiophobia-main\Hitdetection_Blockmap.h(25,62): warning C4244: 'initializing': conversion from 'T' to 'int', possible loss of data
C:\Radiophobia\Radiophobia-main\Hitdetection_Blockmap.h(25,62): warning C4244:         with
C:\Radiophobia\Radiophobia-main\Hitdetection_Blockmap.h(25,62): warning C4244:         [
C:\Radiophobia\Radiophobia-main\Hitdetection_Blockmap.h(25,62): warning C4244:             T=float
C:\Radiophobia\Radiophobia-main\Hitdetection_Blockmap.h(25,62): warning C4244:         ]
  (compiling source file 'Main.cpp')
  
C:\Radiophobia\Radiophobia-main\Hitdetection_Blockmap.h(27,7): warning C4267: '=': conversion from 'size_t' to 'int', possible loss of data
  (compiling source file 'Main.cpp')
  
C:\Radiophobia\Radiophobia-main\Hitdetection_Blockmap.h(28,7): warning C4267: '=': conversion from 'size_t' to 'int', possible loss of data
  (compiling source file 'Main.cpp')
  
LINK : warning LNK4098: defaultlib 'MSVCRTD' conflicts with use of other libs; use /NODEFAULTLIB:library
  Generating code
  Previous IPDB not found, fall back to full compilation.
C:\Radiophobia\Radiophobia-main\OpenGL_Declarations.h(214): warning C4715: 'Get_File_Contents': not all control paths return a value
C:\Radiophobia\Radiophobia-main\Hitdetection_Declarations.h(295): warning C4715: 'Generate_AABB_Hitboxes': not all control paths return a value
  All 5004 functions were compiled because no usable IPDB/IOBJ from previous compilation was found.
  Finished generating code
glfw3.lib(context.obj) : warning LNK4099: PDB '' was not found with 'glfw3.lib(context.obj)' or at ''; linking object as if no debug info
glfw3.lib(input.obj) : warning LNK4099: PDB '' was not found with 'glfw3.lib(input.obj)' or at ''; linking object as if no debug info
glfw3.lib(monitor.obj) : warning LNK4099: PDB '' was not found with 'glfw3.lib(monitor.obj)' or at ''; linking object as if no debug info
glfw3.lib(init.obj) : warning LNK4099: PDB '' was not found with 'glfw3.lib(init.obj)' or at ''; linking object as if no debug info
glfw3.lib(window.obj) : warning LNK4099: PDB '' was not found with 'glfw3.lib(window.obj)' or at ''; linking object as if no debug info
glfw3.lib(win32_thread.obj) : warning LNK4099: PDB '' was not found with 'glfw3.lib(win32_thread.obj)' or at ''; linking object as if no debug info
glfw3.lib(win32_window.obj) : warning LNK4099: PDB '' was not found with 'glfw3.lib(win32_window.obj)' or at ''; linking object as if no debug info
glfw3.lib(win32_joystick.obj) : warning LNK4099: PDB '' was not found with 'glfw3.lib(win32_joystick.obj)' or at ''; linking object as if no debug info
glfw3.lib(win32_time.obj) : warning LNK4099: PDB '' was not found with 'glfw3.lib(win32_time.obj)' or at ''; linking object as if no debug info
glfw3.lib(win32_monitor.obj) : warning LNK4099: PDB '' was not found with 'glfw3.lib(win32_monitor.obj)' or at ''; linking object as if no debug info
glfw3.lib(win32_init.obj) : warning LNK4099: PDB '' was not found with 'glfw3.lib(win32_init.obj)' or at ''; linking object as if no debug info
glfw3.lib(vulkan.obj) : warning LNK4099: PDB '' was not found with 'glfw3.lib(vulkan.obj)' or at ''; linking object as if no debug info
glfw3.lib(wgl_context.obj) : warning LNK4099: PDB '' was not found with 'glfw3.lib(wgl_context.obj)' or at ''; linking object as if no debug info
glfw3.lib(egl_context.obj) : warning LNK4099: PDB '' was not found with 'glfw3.lib(egl_context.obj)' or at ''; linking object as if no debug info
glfw3.lib(osmesa_context.obj) : warning LNK4099: PDB '' was not found with 'glfw3.lib(osmesa_context.obj)' or at ''; linking object as if no debug info
  VisionEngineGL.vcxproj -> C:\Radiophobia\Radiophobia-main\VisionEngineGL.exe
